# JRE version: Java(TM) SE Runtime Environment (8.0_112-b15) (build 1.8.0_112-b15)
# Java VM: Java HotSpot(TM) 64-Bit Server VM (25.112-b15 mixed mode windows-amd64 compressed oops)
Heap:
 PSYoungGen      total 205824K, used 193853K [0x00000000eb200000, 0x00000000f9400000, 0x0000000100000000)
  eden space 191488K, 93% used [0x00000000eb200000,0x00000000f6156788,0x00000000f6d00000)
  from space 14336K, 99% used [0x00000000f8600000,0x00000000f93f8d58,0x00000000f9400000)
  to   space 16896K, 0% used [0x00000000f7300000,0x00000000f7300000,0x00000000f8380000)
 ParOldGen       total 57856K, used 20798K [0x00000000c1600000, 0x00000000c4e80000, 0x00000000eb200000)
  object space 57856K, 35% used [0x00000000c1600000,0x00000000c2a4f890,0x00000000c4e80000)
 Metaspace       used 54712K, capacity 55265K, committed 55728K, reserved 1097728K
  class space    used 6894K, capacity 7046K, committed 7088K, reserved 1048576K
GC Heap History (10 events):
Event: 5.424 GC heap before
{Heap before GC invocations=10 (full 1):
 PSYoungGen      total 112640K, used 112185K [0x00000000eb200000, 0x00000000f3c80000, 0x0000000100000000)
  eden space 108032K, 100% used [0x00000000eb200000,0x00000000f1b80000,0x00000000f1b80000)
  from space 4608K, 90% used [0x00000000f3800000,0x00000000f3c0e760,0x00000000f3c80000)
  to   space 7680K, 0% used [0x00000000f2d80000,0x00000000f2d80000,0x00000000f3500000)
 ParOldGen       total 31232K, used 6240K [0x00000000c1600000, 0x00000000c3480000, 0x00000000eb200000)
  object space 31232K, 19% used [0x00000000c1600000,0x00000000c1c181a0,0x00000000c3480000)
 Metaspace       used 29090K, capacity 29465K, committed 29616K, reserved 1075200K
  class space    used 3590K, capacity 3700K, committed 3760K, reserved 1048576K
Event: 5.444 GC heap after
Heap after GC invocations=10 (full 1):
 PSYoungGen      total 134144K, used 7660K [0x00000000eb200000, 0x00000000f5980000, 0x0000000100000000)
  eden space 126464K, 0% used [0x00000000eb200000,0x00000000eb200000,0x00000000f2d80000)
  from space 7680K, 99% used [0x00000000f2d80000,0x00000000f34fb0a0,0x00000000f3500000)
  to   space 11264K, 0% used [0x00000000f4e80000,0x00000000f4e80000,0x00000000f5980000)
 ParOldGen       total 31232K, used 12602K [0x00000000c1600000, 0x00000000c3480000, 0x00000000eb200000)
  object space 31232K, 40% used [0x00000000c1600000,0x00000000c224eae0,0x00000000c3480000)
 Metaspace       used 29090K, capacity 29465K, committed 29616K, reserved 1075200K
  class space    used 3590K, capacity 3700K, committed 3760K, reserved 1048576K
}
Event: 6.607 GC heap before
{Heap before GC invocations=11 (full 1):
 PSYoungGen      total 134144K, used 134124K [0x00000000eb200000, 0x00000000f5980000, 0x0000000100000000)
  eden space 126464K, 100% used [0x00000000eb200000,0x00000000f2d80000,0x00000000f2d80000)
  from space 7680K, 99% used [0x00000000f2d80000,0x00000000f34fb0a0,0x00000000f3500000)
  to   space 11264K, 0% used [0x00000000f4e80000,0x00000000f4e80000,0x00000000f5980000)
 ParOldGen       total 31232K, used 12602K [0x00000000c1600000, 0x00000000c3480000, 0x00000000eb200000)
  object space 31232K, 40% used [0x00000000c1600000,0x00000000c224eae0,0x00000000c3480000)
 Metaspace       used 33818K, capacity 34175K, committed 34480K, reserved 1079296K
  class space    used 4129K, capacity 4245K, committed 4272K, reserved 1048576K
Event: 6.629 GC heap after
Heap after GC invocations=11 (full 1):
 PSYoungGen      total 157696K, used 11255K [0x00000000eb200000, 0x00000000f7480000, 0x0000000100000000)
  eden space 146432K, 0% used [0x00000000eb200000,0x00000000eb200000,0x00000000f4100000)
  from space 11264K, 99% used [0x00000000f4e80000,0x00000000f597dd00,0x00000000f5980000)
  to   space 13824K, 0% used [0x00000000f4100000,0x00000000f4100000,0x00000000f4e80000)
 ParOldGen       total 31232K, used 15665K [0x00000000c1600000, 0x00000000c3480000, 0x00000000eb200000)
  object space 31232K, 50% used [0x00000000c1600000,0x00000000c254c7a8,0x00000000c3480000)
 Metaspace       used 33818K, capacity 34175K, committed 34480K, reserved 1079296K
  class space    used 4129K, capacity 4245K, committed 4272K, reserved 1048576K
}
Event: 6.839 GC heap before
{Heap before GC invocations=12 (full 1):
 PSYoungGen      total 157696K, used 24947K [0x00000000eb200000, 0x00000000f7480000, 0x0000000100000000)
  eden space 146432K, 9% used [0x00000000eb200000,0x00000000ebf5f230,0x00000000f4100000)
  from space 11264K, 99% used [0x00000000f4e80000,0x00000000f597dd00,0x00000000f5980000)
  to   space 13824K, 0% used [0x00000000f4100000,0x00000000f4100000,0x00000000f4e80000)
 ParOldGen       total 31232K, used 15665K [0x00000000c1600000, 0x00000000c3480000, 0x00000000eb200000)
  object space 31232K, 50% used [0x00000000c1600000,0x00000000c254c7a8,0x00000000c3480000)
 Metaspace       used 34841K, capacity 35255K, committed 35496K, reserved 1081344K
  class space    used 4231K, capacity 4345K, committed 4400K, reserved 1048576K
Event: 6.855 GC heap after
Heap after GC invocations=12 (full 1):
 PSYoungGen      total 160256K, used 1067K [0x00000000eb200000, 0x00000000f9400000, 0x0000000100000000)
  eden space 146432K, 0% used [0x00000000eb200000,0x00000000eb200000,0x00000000f4100000)
  from space 13824K, 7% used [0x00000000f4100000,0x00000000f420af58,0x00000000f4e80000)
  to   space 14336K, 0% used [0x00000000f8600000,0x00000000f8600000,0x00000000f9400000)
 ParOldGen       total 31232K, used 24506K [0x00000000c1600000, 0x00000000c3480000, 0x00000000eb200000)
  object space 31232K, 78% used [0x00000000c1600000,0x00000000c2deeb18,0x00000000c3480000)
 Metaspace       used 34841K, capacity 35255K, committed 35496K, reserved 1081344K
  class space    used 4231K, capacity 4345K, committed 4400K, reserved 1048576K
}
Event: 6.855 GC heap before
{Heap before GC invocations=13 (full 2):
 PSYoungGen      total 160256K, used 1067K [0x00000000eb200000, 0x00000000f9400000, 0x0000000100000000)
  eden space 146432K, 0% used [0x00000000eb200000,0x00000000eb200000,0x00000000f4100000)
  from space 13824K, 7% used [0x00000000f4100000,0x00000000f420af58,0x00000000f4e80000)
  to   space 14336K, 0% used [0x00000000f8600000,0x00000000f8600000,0x00000000f9400000)
 ParOldGen       total 31232K, used 24506K [0x00000000c1600000, 0x00000000c3480000, 0x00000000eb200000)
  object space 31232K, 78% used [0x00000000c1600000,0x00000000c2deeb18,0x00000000c3480000)
 Metaspace       used 34841K, capacity 35255K, committed 35496K, reserved 1081344K
  class space    used 4231K, capacity 4345K, committed 4400K, reserved 1048576K
Event: 7.050 GC heap after
Heap after GC invocations=13 (full 2):
 PSYoungGen      total 160256K, used 0K [0x00000000eb200000, 0x00000000f9400000, 0x0000000100000000)
  eden space 146432K, 0% used [0x00000000eb200000,0x00000000eb200000,0x00000000f4100000)
  from space 13824K, 0% used [0x00000000f4100000,0x00000000f4100000,0x00000000f4e80000)
  to   space 14336K, 0% used [0x00000000f8600000,0x00000000f8600000,0x00000000f9400000)
 ParOldGen       total 57856K, used 19357K [0x00000000c1600000, 0x00000000c4e80000, 0x00000000eb200000)
  object space 57856K, 33% used [0x00000000c1600000,0x00000000c28e7790,0x00000000c4e80000)
 Metaspace       used 34841K, capacity 35255K, committed 35496K, reserved 1081344K
  class space    used 4231K, capacity 4345K, committed 4400K, reserved 1048576K
}
Event: 9.484 GC heap before
{Heap before GC invocations=14 (full 2):
 PSYoungGen      total 160256K, used 146432K [0x00000000eb200000, 0x00000000f9400000, 0x0000000100000000)
  eden space 146432K, 100% used [0x00000000eb200000,0x00000000f4100000,0x00000000f4100000)
  from space 13824K, 0% used [0x00000000f4100000,0x00000000f4100000,0x00000000f4e80000)
  to   space 14336K, 0% used [0x00000000f8600000,0x00000000f8600000,0x00000000f9400000)
 ParOldGen       total 57856K, used 19357K [0x00000000c1600000, 0x00000000c4e80000, 0x00000000eb200000)
  object space 57856K, 33% used [0x00000000c1600000,0x00000000c28e7790,0x00000000c4e80000)
 Metaspace       used 46834K, capacity 47327K, committed 47664K, reserved 1091584K
  class space    used 6007K, capacity 6117K, committed 6192K, reserved 1048576K
Event: 9.507 GC heap after
Heap after GC invocations=14 (full 2):
 PSYoungGen      total 205824K, used 14307K [0x00000000eb200000, 0x00000000f9400000, 0x0000000100000000)
  eden space 191488K, 0% used [0x00000000eb200000,0x00000000eb200000,0x00000000f6d00000)
  from space 14336K, 99% used [0x00000000f8600000,0x00000000f93f8d58,0x00000000f9400000)
  to   space 16896K, 0% used [0x00000000f7300000,0x00000000f7300000,0x00000000f8380000)
 ParOldGen       total 57856K, used 20798K [0x00000000c1600000, 0x00000000c4e80000, 0x00000000eb200000)
  object space 57856K, 35% used [0x00000000c1600000,0x00000000c2a4f890,0x00000000c4e80000)
 Metaspace       used 46834K, capacity 47327K, committed 47664K, reserved 1091584K
  class space    used 6007K, capacity 6117K, committed 6192K, reserved 1048576K
}

